Apr-11 09:27:29.480 [main] DEBUG nextflow.cli.Launcher - $> nextflow main.nf
Apr-11 09:27:29.602 [main] INFO  nextflow.cli.CmdRun - N E X T F L O W  ~  version 23.10.1
Apr-11 09:27:29.644 [main] DEBUG nextflow.plugin.PluginsFacade - Setting up plugin manager > mode=prod; embedded=false; plugins-dir=/Users/jamessacco/.nextflow/plugins; core-plugins: nf-amazon@2.1.4,nf-azure@1.3.3,nf-cloudcache@0.3.0,nf-codecommit@0.1.5,nf-console@1.0.6,nf-ga4gh@1.1.0,nf-google@1.8.3,nf-tower@1.6.3,nf-wave@1.0.1
Apr-11 09:27:29.663 [main] INFO  o.pf4j.DefaultPluginStatusProvider - Enabled plugins: []
Apr-11 09:27:29.664 [main] INFO  o.pf4j.DefaultPluginStatusProvider - Disabled plugins: []
Apr-11 09:27:29.669 [main] INFO  org.pf4j.DefaultPluginManager - PF4J version 3.4.1 in 'deployment' mode
Apr-11 09:27:29.691 [main] INFO  org.pf4j.AbstractPluginManager - No plugins
Apr-11 09:27:29.831 [main] DEBUG nextflow.cli.CmdRun - Applied DSL=2 by global default
Apr-11 09:27:29.857 [main] INFO  nextflow.cli.CmdRun - Launching `main.nf` [nice_thompson] DSL2 - revision: 0c1a47d037
Apr-11 09:27:29.859 [main] DEBUG nextflow.plugin.PluginsFacade - Plugins default=[]
Apr-11 09:27:29.859 [main] DEBUG nextflow.plugin.PluginsFacade - Plugins resolved requirement=[]
Apr-11 09:27:29.875 [main] DEBUG n.secret.LocalSecretsProvider - Secrets store: /Users/jamessacco/.nextflow/secrets/store.json
Apr-11 09:27:29.886 [main] DEBUG nextflow.secret.SecretsLoader - Discovered secrets providers: [nextflow.secret.LocalSecretsProvider@ba354ca] - activable => nextflow.secret.LocalSecretsProvider@ba354ca
Apr-11 09:27:29.977 [main] DEBUG nextflow.Session - Session UUID: 40005683-1a8e-417e-998d-2a208429b11a
Apr-11 09:27:29.977 [main] DEBUG nextflow.Session - Run name: nice_thompson
Apr-11 09:27:29.980 [main] DEBUG nextflow.Session - Executor pool size: 8
Apr-11 09:27:29.991 [main] DEBUG nextflow.file.FilePorter - File porter settings maxRetries=3; maxTransfers=50; pollTimeout=null
Apr-11 09:27:29.997 [main] DEBUG nextflow.util.ThreadPoolBuilder - Creating thread pool 'FileTransfer' minSize=10; maxSize=24; workQueue=LinkedBlockingQueue[10000]; allowCoreThreadTimeout=false
Apr-11 09:27:30.180 [main] DEBUG nextflow.cli.CmdRun - 
  Version: 23.10.1 build 5891
  Created: 12-01-2024 22:01 UTC (14:01 PDT)
  System: Mac OS X 13.4.1
  Runtime: Groovy 3.0.19 on OpenJDK 64-Bit Server VM 11.0.13+7-b1751.21
  Encoding: UTF-8 (UTF-8)
  Process: 66791@Jamess-MBP.attlocal.net [192.168.1.69]
  CPUs: 8 - Mem: 16 GB (9 MB) - Swap: 9 GB (524.1 MB)
Apr-11 09:27:30.212 [main] DEBUG nextflow.Session - Work-dir: /Users/jamessacco/Github/projs/cas12/work [Mac OS X]
Apr-11 09:27:30.213 [main] DEBUG nextflow.Session - Script base path does not exist or is not a directory: /Users/jamessacco/Github/projs/cas12/bin
Apr-11 09:27:30.225 [main] DEBUG nextflow.executor.ExecutorFactory - Extension executors providers=[]
Apr-11 09:27:30.243 [main] DEBUG nextflow.Session - Observer factory: DefaultObserverFactory
Apr-11 09:27:30.285 [main] DEBUG nextflow.cache.CacheFactory - Using Nextflow cache factory: nextflow.cache.DefaultCacheFactory
Apr-11 09:27:30.302 [main] DEBUG nextflow.util.CustomThreadPool - Creating default thread pool > poolSize: 9; maxThreads: 1000
Apr-11 09:27:30.376 [main] DEBUG nextflow.Session - Session start
Apr-11 09:27:31.501 [main] DEBUG nextflow.script.ScriptRunner - > Launching execution
Apr-11 09:27:31.584 [main] DEBUG nextflow.Session - Workflow process names [dsl2]: generate_data
Apr-11 09:27:31.585 [main] DEBUG nextflow.Session - Igniting dataflow network (0)
Apr-11 09:27:31.585 [main] DEBUG nextflow.script.ScriptRunner - Parsed script files:
  Script_d67c438f1cb599ff: /Users/jamessacco/Github/projs/cas12/main.nf
Apr-11 09:27:31.586 [main] DEBUG nextflow.script.ScriptRunner - > Awaiting termination 
Apr-11 09:27:31.586 [main] DEBUG nextflow.Session - Session await
Apr-11 09:27:31.586 [main] DEBUG nextflow.Session - Session await > all processes finished
Apr-11 09:27:31.586 [main] DEBUG nextflow.Session - Session await > all barriers passed
Apr-11 09:27:31.630 [main] DEBUG n.trace.WorkflowStatsObserver - Workflow completed > WorkflowStats[succeededCount=0; failedCount=0; ignoredCount=0; cachedCount=0; pendingCount=0; submittedCount=0; runningCount=0; retriesCount=0; abortedCount=0; succeedDuration=0ms; failedDuration=0ms; cachedDuration=0ms;loadCpus=0; loadMemory=0; peakRunning=0; peakCpus=0; peakMemory=0; ]
Apr-11 09:27:31.768 [main] DEBUG nextflow.cache.CacheDB - Closing CacheDB done
Apr-11 09:27:31.809 [main] DEBUG nextflow.util.ThreadPoolManager - Thread pool 'FileTransfer' shutdown completed (hard=false)
Apr-11 09:27:31.810 [main] DEBUG nextflow.script.ScriptRunner - > Execution complete -- Goodbye
